<?xml version="1.0" encoding="UTF-8"?>
<!-- Generated by org.testng.reporters.JUnitXMLReporter -->
<testsuite hostname="NODE167" name="Command line test" tests="1" failures="0" timestamp="2 Sep 2016 07:44:35 GMT" time="0.043" errors="0">
  <testcase name="@BeforeClass startup" time="0.0" classname="com.gspann.RodanTest">
    <failure type="org.testng.TestNGException" message="
Method startup requires 1 parameters but 0 were supplied in the @Configuration annotation.">
      <![CDATA[org.testng.TestNGException: 
Method startup requires 1 parameters but 0 were supplied in the @Configuration annotation.
... Removed 31 stack frames]]>
    </failure>
  </testcase> <!-- @BeforeClass startup -->
  <testcase name="Homepage" time="0.019" classname="com.gspann.RodanTest">
    <skipped/>
  </testcase> <!-- Homepage -->
</testsuite> <!-- Command line test -->
